<?xml version="1.0" encoding="UTF-8"?>
<testsuite xmlns:xsi="http://www.w3.org/2001/XMLSchema-instance" xsi:noNamespaceSchemaLocation="https://maven.apache.org/surefire/maven-surefire-plugin/xsd/surefire-test-report.xsd" name="com.example.AppTest" time="0.402" tests="3" errors="0" skipped="0" failures="0">
  <properties>
[...]
</properties>
  <testcase name="ATest" classname="com.example.AppTest" time="0.286"/>
  <testcase name="BTest" classname="com.example.AppTest" time="0.001"/>
  <testcase name="CTest" classname="com.example.AppTest" time="0.115"/>
</testsuite>